<?xml version="1.0" encoding="UTF-8"?>
<testsuite name="rspec" tests="20" skipped="0" failures="0" errors="0" time="0.024358" timestamp="2020-04-19T17:29:45-03:00" hostname="LAPTOP-I2F89GS2">
<properties>
<property name="seed" value="2311"/>
</properties>
<testcase classname="spec.avengers_spec" name="Avengers Deve adicionar um vingador" file="./spec/avengers_spec.rb" time="0.001838"></testcase>
<testcase classname="spec.avengers_spec" name="Avengers Deve adicionar uma lista de vingadores" file="./spec/avengers_spec.rb" time="0.006970"></testcase>
<testcase classname="spec.avengers_spec" name="Avengers Spiderman deve ser o primeiro da lista" file="./spec/avengers_spec.rb" time="0.002871"></testcase>
<testcase classname="spec.avengers_spec" name="Avengers Hulk deve ser o ultimo da lista" file="./spec/avengers_spec.rb" time="0.000119"></testcase>
<testcase classname="spec.avengers_spec" name="Avengers Deve conter o sobrenome" file="./spec/avengers_spec.rb" time="0.002787"></testcase>
<testcase classname="spec.bank.saque_cc_spec" name="ContaCorrente Saque Saque em conta corrente meu saldo final deve ser R$ 800" file="./spec/bank/saque_cc_spec.rb" time="0.002627"></testcase>
<testcase classname="spec.bank.saque_cc_spec" name="ContaCorrente Saque Quando o saldo é zero Entao exibe a mensagem" file="./spec/bank/saque_cc_spec.rb" time="0.000114"></testcase>
<testcase classname="spec.bank.saque_cc_spec" name="ContaCorrente Saque Quando o saldo é zero E o saldo permanece zerado" file="./spec/bank/saque_cc_spec.rb" time="0.000086"></testcase>
<testcase classname="spec.bank.saque_cc_spec" name="ContaCorrente Saque Quando meu saldo é insuficiente Entao exibo a mensagem" file="./spec/bank/saque_cc_spec.rb" time="0.000090"></testcase>
<testcase classname="spec.bank.saque_cc_spec" name="ContaCorrente Saque Quando meu saldo é insuficiente E o saldo permece o mesmo" file="./spec/bank/saque_cc_spec.rb" time="0.000083"></testcase>
<testcase classname="spec.bank.saque_cc_spec" name="ContaCorrente Saque Quando supera o limite de saque Entao exibe mensagem" file="./spec/bank/saque_cc_spec.rb" time="0.000088"></testcase>
<testcase classname="spec.bank.saque_cc_spec" name="ContaCorrente Saque Quando supera o limite de saque E o saldo permanece o mesmo" file="./spec/bank/saque_cc_spec.rb" time="0.000083"></testcase>
<testcase classname="spec.bank.saque_cp_spec" name="ContaPoupanca sacar sacar em conta corrente meu saldo final deve ser R$ 800" file="./spec/bank/saque_cp_spec.rb" time="0.000091"></testcase>
<testcase classname="spec.bank.saque_cp_spec" name="ContaPoupanca sacar Quando o saldo é zero Entao exibe a mensagem" file="./spec/bank/saque_cp_spec.rb" time="0.000088"></testcase>
<testcase classname="spec.bank.saque_cp_spec" name="ContaPoupanca sacar Quando o saldo é zero E o saldo permanece zerado" file="./spec/bank/saque_cp_spec.rb" time="0.000083"></testcase>
<testcase classname="spec.bank.saque_cp_spec" name="ContaPoupanca sacar Quando meu saldo é insuficiente Entao exibo a mensagem" file="./spec/bank/saque_cp_spec.rb" time="0.000086"></testcase>
<testcase classname="spec.bank.saque_cp_spec" name="ContaPoupanca sacar Quando meu saldo é insuficiente E o saldo permece o mesmo" file="./spec/bank/saque_cp_spec.rb" time="0.000082"></testcase>
<testcase classname="spec.bank.saque_cp_spec" name="ContaPoupanca sacar Quando supera o limite de sacar Entao exibe mensagem" file="./spec/bank/saque_cp_spec.rb" time="0.000088"></testcase>
<testcase classname="spec.bank.saque_cp_spec" name="ContaPoupanca sacar Quando supera o limite de sacar E o saldo permanece o mesmo" file="./spec/bank/saque_cp_spec.rb" time="0.000083"></testcase>
<testcase classname="spec.exemplos_spec" name="Suite de teste rspec soma de valores" file="./spec/exemplos_spec.rb" time="0.000080"></testcase>
</testsuite>
